<?xml version="1.0" encoding="UTF-8" ?>
<testsuite failures="0" time="7.846" errors="0" skipped="0" tests="3" name="se.avegagroup.clustercontrol.integration.WorkerStatusTest">
  <properties>
    <property name="java.runtime.name" value="Java(TM) SE Runtime Environment"/>
    <property name="sun.boot.library.path" value="/System/Library/Frameworks/JavaVM.framework/Versions/1.6.0/Libraries"/>
    <property name="java.vm.version" value="16.3-b01-279"/>
    <property name="awt.nativeDoubleBuffering" value="true"/>
    <property name="gopherProxySet" value="false"/>
    <property name="mrj.build" value="10M3065"/>
    <property name="java.vm.vendor" value="Apple Inc."/>
    <property name="java.vendor.url" value="http://www.apple.com/"/>
    <property name="path.separator" value=":"/>
    <property name="java.vm.name" value="Java HotSpot(TM) 64-Bit Server VM"/>
    <property name="file.encoding.pkg" value="sun.io"/>
    <property name="user.country" value="US"/>
    <property name="sun.java.launcher" value="SUN_STANDARD"/>
    <property name="sun.os.patch.level" value="unknown"/>
    <property name="java.vm.specification.name" value="Java Virtual Machine Specification"/>
    <property name="user.dir" value="/Users/janstenvall/checkout/ClusterControl"/>
    <property name="java.runtime.version" value="1.6.0_20-b02-279-10M3065"/>
    <property name="java.awt.graphicsenv" value="apple.awt.CGraphicsEnvironment"/>
    <property name="basedir" value="/Users/janstenvall/checkout/ClusterControl"/>
    <property name="java.endorsed.dirs" value="/System/Library/Frameworks/JavaVM.framework/Versions/1.6.0/Home/lib/endorsed"/>
    <property name="os.arch" value="x86_64"/>
    <property name="surefire.real.class.path" value="/var/folders/X+/X+2G+LBcEFGLX7wpmuJmNE+++TI/-Tmp-/surefirebooter4758530677960847371.jar"/>
    <property name="java.io.tmpdir" value="/var/folders/X+/X+2G+LBcEFGLX7wpmuJmNE+++TI/-Tmp-/"/>
    <property name="line.separator" value="
"/>
    <property name="java.vm.specification.vendor" value="Sun Microsystems Inc."/>
    <property name="os.name" value="Mac OS X"/>
    <property name="sun.jnu.encoding" value="MacRoman"/>
    <property name="java.library.path" value=".:/Library/Java/Extensions:/System/Library/Java/Extensions:/usr/lib/java"/>
    <property name="surefire.test.class.path" value="/Users/janstenvall/checkout/ClusterControl/target/test-classes:/Users/janstenvall/checkout/ClusterControl/target/classes:/Users/janstenvall/.m2/repository/junit/junit/4.7/junit-4.7.jar:/Users/janstenvall/.m2/repository/org/slf4j/slf4j-api/1.5.10/slf4j-api-1.5.10.jar:/Users/janstenvall/.m2/repository/org/slf4j/slf4j-simple/1.5.10/slf4j-simple-1.5.10.jar:/Users/janstenvall/.m2/repository/org/slf4j/jcl-over-slf4j/1.5.10/jcl-over-slf4j-1.5.10.jar:/Users/janstenvall/.m2/repository/commons-logging/commons-logging/99.0-does-not-exist/commons-logging-99.0-does-not-exist.jar:/Users/janstenvall/.m2/repository/commons-logging/commons-logging-api/99.0-does-not-exist/commons-logging-api-99.0-does-not-exist.jar:/Users/janstenvall/.m2/repository/javax/servlet/jstl/1.2/jstl-1.2.jar:/Users/janstenvall/.m2/repository/javax/mail/mail/1.4/mail-1.4.jar:/Users/janstenvall/.m2/repository/javax/activation/activation/1.1/activation-1.1.jar:/Users/janstenvall/.m2/repository/org/springframework/spring/2.5.6/spring-2.5.6.jar:/Users/janstenvall/.m2/repository/taglibs/standard/1.1.2/standard-1.1.2.jar:/Users/janstenvall/.m2/repository/javax/servlet/servlet-api/2.5/servlet-api-2.5.jar:/Users/janstenvall/.m2/repository/javax/servlet/jsp/jsp-api/2.1/jsp-api-2.1.jar:/Users/janstenvall/.m2/repository/net/sourceforge/stripes/stripes/1.5.2/stripes-1.5.2.jar:/Users/janstenvall/.m2/repository/org/directwebremoting/dwr/3.0.M1/dwr-3.0.M1.jar:/Users/janstenvall/.m2/repository/org/mortbay/jetty/cometd/6.1.4/cometd-6.1.4.jar:/Users/janstenvall/.m2/repository/org/mortbay/jetty/jetty-util/6.1.4/jetty-util-6.1.4.jar:/Users/janstenvall/.m2/repository/org/apache/httpcomponents/httpclient/4.0/httpclient-4.0.jar:/Users/janstenvall/.m2/repository/org/apache/httpcomponents/httpcore/4.0.1/httpcore-4.0.1.jar:/Users/janstenvall/.m2/repository/commons-codec/commons-codec/1.3/commons-codec-1.3.jar:/Users/janstenvall/.m2/repository/javax/xml/bind/jaxb-api/2.1/jaxb-api-2.1.jar:/Users/janstenvall/.m2/repository/javax/xml/stream/stax-api/1.0-2/stax-api-1.0-2.jar:/Users/janstenvall/.m2/repository/com/sun/xml/bind/jaxb-impl/2.1.9/jaxb-impl-2.1.9.jar:"/>
    <property name="java.specification.name" value="Java Platform API Specification"/>
    <property name="java.class.version" value="50.0"/>
    <property name="sun.management.compiler" value="HotSpot 64-Bit Server Compiler"/>
    <property name="os.version" value="10.6.4"/>
    <property name="http.nonProxyHosts" value="local|*.local|169.254/16|*.169.254/16"/>
    <property name="user.home" value="/Users/janstenvall"/>
    <property name="user.timezone" value="Europe/Stockholm"/>
    <property name="java.awt.printerjob" value="apple.awt.CPrinterJob"/>
    <property name="java.specification.version" value="1.6"/>
    <property name="file.encoding" value="MacRoman"/>
    <property name="user.name" value="janstenvall"/>
    <property name="java.class.path" value="/Users/janstenvall/checkout/ClusterControl/target/test-classes:/Users/janstenvall/checkout/ClusterControl/target/classes:/Users/janstenvall/.m2/repository/junit/junit/4.7/junit-4.7.jar:/Users/janstenvall/.m2/repository/org/slf4j/slf4j-api/1.5.10/slf4j-api-1.5.10.jar:/Users/janstenvall/.m2/repository/org/slf4j/slf4j-simple/1.5.10/slf4j-simple-1.5.10.jar:/Users/janstenvall/.m2/repository/org/slf4j/jcl-over-slf4j/1.5.10/jcl-over-slf4j-1.5.10.jar:/Users/janstenvall/.m2/repository/commons-logging/commons-logging/99.0-does-not-exist/commons-logging-99.0-does-not-exist.jar:/Users/janstenvall/.m2/repository/commons-logging/commons-logging-api/99.0-does-not-exist/commons-logging-api-99.0-does-not-exist.jar:/Users/janstenvall/.m2/repository/javax/servlet/jstl/1.2/jstl-1.2.jar:/Users/janstenvall/.m2/repository/javax/mail/mail/1.4/mail-1.4.jar:/Users/janstenvall/.m2/repository/javax/activation/activation/1.1/activation-1.1.jar:/Users/janstenvall/.m2/repository/org/springframework/spring/2.5.6/spring-2.5.6.jar:/Users/janstenvall/.m2/repository/taglibs/standard/1.1.2/standard-1.1.2.jar:/Users/janstenvall/.m2/repository/javax/servlet/servlet-api/2.5/servlet-api-2.5.jar:/Users/janstenvall/.m2/repository/javax/servlet/jsp/jsp-api/2.1/jsp-api-2.1.jar:/Users/janstenvall/.m2/repository/net/sourceforge/stripes/stripes/1.5.2/stripes-1.5.2.jar:/Users/janstenvall/.m2/repository/org/directwebremoting/dwr/3.0.M1/dwr-3.0.M1.jar:/Users/janstenvall/.m2/repository/org/mortbay/jetty/cometd/6.1.4/cometd-6.1.4.jar:/Users/janstenvall/.m2/repository/org/mortbay/jetty/jetty-util/6.1.4/jetty-util-6.1.4.jar:/Users/janstenvall/.m2/repository/org/apache/httpcomponents/httpclient/4.0/httpclient-4.0.jar:/Users/janstenvall/.m2/repository/org/apache/httpcomponents/httpcore/4.0.1/httpcore-4.0.1.jar:/Users/janstenvall/.m2/repository/commons-codec/commons-codec/1.3/commons-codec-1.3.jar:/Users/janstenvall/.m2/repository/javax/xml/bind/jaxb-api/2.1/jaxb-api-2.1.jar:/Users/janstenvall/.m2/repository/javax/xml/stream/stax-api/1.0-2/stax-api-1.0-2.jar:/Users/janstenvall/.m2/repository/com/sun/xml/bind/jaxb-impl/2.1.9/jaxb-impl-2.1.9.jar:"/>
    <property name="java.vm.specification.version" value="1.0"/>
    <property name="sun.arch.data.model" value="64"/>
    <property name="java.home" value="/System/Library/Frameworks/JavaVM.framework/Versions/1.6.0/Home"/>
    <property name="java.specification.vendor" value="Sun Microsystems Inc."/>
    <property name="user.language" value="en"/>
    <property name="awt.toolkit" value="apple.awt.CToolkit"/>
    <property name="java.vm.info" value="mixed mode"/>
    <property name="java.version" value="1.6.0_20"/>
    <property name="java.ext.dirs" value="/Library/Java/Extensions:/System/Library/Java/Extensions:/System/Library/Frameworks/JavaVM.framework/Versions/1.6.0/Home/lib/ext"/>
    <property name="sun.boot.class.path" value="/System/Library/Frameworks/JavaVM.framework/Versions/1.6.0/Classes/jsfd.jar:/System/Library/Frameworks/JavaVM.framework/Versions/1.6.0/Classes/classes.jar:/System/Library/Frameworks/JavaVM.framework/Frameworks/JavaRuntimeSupport.framework/Resources/Java/JavaRuntimeSupport.jar:/System/Library/Frameworks/JavaVM.framework/Versions/1.6.0/Classes/ui.jar:/System/Library/Frameworks/JavaVM.framework/Versions/1.6.0/Classes/laf.jar:/System/Library/Frameworks/JavaVM.framework/Versions/1.6.0/Classes/sunrsasign.jar:/System/Library/Frameworks/JavaVM.framework/Versions/1.6.0/Classes/jsse.jar:/System/Library/Frameworks/JavaVM.framework/Versions/1.6.0/Classes/jce.jar:/System/Library/Frameworks/JavaVM.framework/Versions/1.6.0/Classes/charsets.jar"/>
    <property name="java.vendor" value="Apple Inc."/>
    <property name="localRepository" value="/Users/janstenvall/.m2/repository"/>
    <property name="file.separator" value="/"/>
    <property name="java.vendor.url.bug" value="http://bugreport.apple.com/"/>
    <property name="sun.cpu.endian" value="little"/>
    <property name="sun.io.unicode.encoding" value="UnicodeLittle"/>
    <property name="mrj.version" value="1060.1.6.0_20-279"/>
    <property name="socksNonProxyHosts" value="local|*.local|169.254/16|*.169.254/16"/>
    <property name="ftp.nonProxyHosts" value="local|*.local|169.254/16|*.169.254/16"/>
    <property name="sun.cpu.isalist" value=""/>
  </properties>
  <testcase time="3.735" classname="se.avegagroup.clustercontrol.integration.WorkerStatusTest" name="testActivateUnmarshall"/>
  <testcase time="3.6" classname="se.avegagroup.clustercontrol.integration.WorkerStatusTest" name="testDisableUnmarshall"/>
  <testcase time="0.51" classname="se.avegagroup.clustercontrol.integration.WorkerStatusTest" name="testGetStatusUnmarshall"/>
</testsuite>